<?xml version="1.0" encoding="UTF-8"?>
<!-- Generated by org.testng.reporters.JUnitReportReporter -->
<testsuite hostname="DESKTOP-UBOQT3A" failures="0" tests="1" name="framework.HomePage" time="14.414" errors="0" timestamp="2020-07-07T01:10:00 IST" skipped="0">
  <testcase classname="framework.HomePage" name="searchFlights" time="14.414"/>
  <system-out/>
</testsuite> <!-- framework.HomePage -->
