<?xml version="1.0" encoding="UTF-8"?>
<!-- Generated by org.testng.reporters.JUnitReportReporter -->
<testsuite hostname="DESKTOP-UBOQT3A" failures="0" tests="2" name="framework.Login" time="55.821" errors="0" timestamp="2020-07-07T00:53:09 IST" skipped="0">
  <testcase classname="framework.Login" name="login" time="31.646"/>
  <system-out/>
  <testcase classname="framework.Login" name="login" time="24.175"/>
  <system-out/>
</testsuite> <!-- framework.Login -->
