<?xml version="1.0" encoding="UTF-8"?>
<!-- Generated by org.testng.reporters.JUnitReportReporter -->
<testsuite hostname="DESKTOP-UBOQT3A" failures="0" tests="2" name="framework.Login" time="48.987" errors="0" timestamp="2020-07-06T01:47:50 IST" skipped="0">
  <testcase classname="framework.Login" name="login" time="25.908"/>
  <system-out/>
  <testcase classname="framework.Login" name="login" time="23.079"/>
  <system-out/>
</testsuite> <!-- framework.Login -->
