<?xml version="1.0" encoding="UTF-8"?>
<!-- Generated by org.testng.reporters.JUnitReportReporter -->
<testsuite hostname="DESKTOP-UBOQT3A" failures="0" tests="1" name="framework.Signup" time="8.544" errors="0" timestamp="2020-07-07T02:27:05 IST" skipped="0">
  <testcase classname="framework.Signup" name="signup" time="8.544"/>
  <system-out/>
</testsuite> <!-- framework.Signup -->
