<?xml version="1.0" encoding="UTF-8"?>
<!-- Generated by org.testng.reporters.JUnitReportReporter -->
<testsuite hostname="DESKTOP-UBOQT3A" failures="0" tests="1" name="framework.HomePage" time="11.921" errors="0" timestamp="2020-07-07T02:27:05 IST" skipped="0">
  <testcase classname="framework.HomePage" name="searchFlights" time="11.921"/>
  <system-out/>
</testsuite> <!-- framework.HomePage -->
